21:11:13 **** Auto Build of project bootloader_bsp ****
make -k all 
Running Make include in microblaze_0/libsrc/cpu_v2_6/src
make -C microblaze_0/libsrc/cpu_v2_6/src -s include  "SHELL=/bin/sh" "COMPILER=mb-gcc" "ARCHIVER=mb-ar" "COMPILER_FLAGS= -O2 -c -mcpu=v10.0 -mlittle-endian -mxl-soft-mul" "EXTRA_COMPILER_FLAGS=-ffunction-sections -fdata-sections -Wall -Wextra"
Running Make include in microblaze_0/libsrc/standalone_v6_5/src
make -C microblaze_0/libsrc/standalone_v6_5/src -s include  "SHELL=/bin/sh" "COMPILER=mb-gcc" "ARCHIVER=mb-ar" "COMPILER_FLAGS= -O2 -c -mcpu=v10.0 -mlittle-endian -mxl-soft-mul" "EXTRA_COMPILER_FLAGS=-ffunction-sections -fdata-sections -Wall -Wextra"
Running Make include in microblaze_0/libsrc/xilisf_v5_9/src
make -C microblaze_0/libsrc/xilisf_v5_9/src -s include  "SHELL=/bin/sh" "COMPILER=mb-gcc" "ARCHIVER=mb-ar" "COMPILER_FLAGS= -O2 -c -mcpu=v10.0 -mlittle-endian -mxl-soft-mul" "EXTRA_COMPILER_FLAGS=-ffunction-sections -fdata-sections -Wall -Wextra"
Running Make include in microblaze_0/libsrc/spi_v4_3/src
make -C microblaze_0/libsrc/spi_v4_3/src -s include  "SHELL=/bin/sh" "COMPILER=mb-gcc" "ARCHIVER=mb-ar" "COMPILER_FLAGS= -O2 -c -mcpu=v10.0 -mlittle-endian -mxl-soft-mul" "EXTRA_COMPILER_FLAGS=-ffunction-sections -fdata-sections -Wall -Wextra"
Running Make include in microblaze_0/libsrc/uartlite_v3_2/src
make -C microblaze_0/libsrc/uartlite_v3_2/src -s include  "SHELL=/bin/sh" "COMPILER=mb-gcc" "ARCHIVER=mb-ar" "COMPILER_FLAGS= -O2 -c -mcpu=v10.0 -mlittle-endian -mxl-soft-mul" "EXTRA_COMPILER_FLAGS=-ffunction-sections -fdata-sections -Wall -Wextra"
Running Make include in microblaze_0/libsrc/bram_v4_2/src
make -C microblaze_0/libsrc/bram_v4_2/src -s include  "SHELL=/bin/sh" "COMPILER=mb-gcc" "ARCHIVER=mb-ar" "COMPILER_FLAGS= -O2 -c -mcpu=v10.0 -mlittle-endian -mxl-soft-mul" "EXTRA_COMPILER_FLAGS=-ffunction-sections -fdata-sections -Wall -Wextra"
Running Make include in microblaze_0/libsrc/gpio_v4_3/src
make -C microblaze_0/libsrc/gpio_v4_3/src -s include  "SHELL=/bin/sh" "COMPILER=mb-gcc" "ARCHIVER=mb-ar" "COMPILER_FLAGS= -O2 -c -mcpu=v10.0 -mlittle-endian -mxl-soft-mul" "EXTRA_COMPILER_FLAGS=-ffunction-sections -fdata-sections -Wall -Wextra"
Running Make include in microblaze_0/libsrc/tmrctr_v4_4/src
make -C microblaze_0/libsrc/tmrctr_v4_4/src -s include  "SHELL=/bin/sh" "COMPILER=mb-gcc" "ARCHIVER=mb-ar" "COMPILER_FLAGS= -O2 -c -mcpu=v10.0 -mlittle-endian -mxl-soft-mul" "EXTRA_COMPILER_FLAGS=-ffunction-sections -fdata-sections -Wall -Wextra"
Running Make libs in microblaze_0/libsrc/cpu_v2_6/src
make -C microblaze_0/libsrc/cpu_v2_6/src -s libs  "SHELL=/bin/sh" "COMPILER=mb-gcc" "ARCHIVER=mb-ar" "COMPILER_FLAGS= -O2 -c -mcpu=v10.0 -mlittle-endian -mxl-soft-mul" "EXTRA_COMPILER_FLAGS=-ffunction-sections -fdata-sections -Wall -Wextra"
Compiling cpu
Running Make libs in microblaze_0/libsrc/standalone_v6_5/src
make -C microblaze_0/libsrc/standalone_v6_5/src -s libs  "SHELL=/bin/sh" "COMPILER=mb-gcc" "ARCHIVER=mb-ar" "COMPILER_FLAGS= -O2 -c -mcpu=v10.0 -mlittle-endian -mxl-soft-mul" "EXTRA_COMPILER_FLAGS=-ffunction-sections -fdata-sections -Wall -Wextra"
Compiling standalone
Running Make libs in microblaze_0/libsrc/xilisf_v5_9/src
make -C microblaze_0/libsrc/xilisf_v5_9/src -s libs  "SHELL=/bin/sh" "COMPILER=mb-gcc" "ARCHIVER=mb-ar" "COMPILER_FLAGS= -O2 -c -mcpu=v10.0 -mlittle-endian -mxl-soft-mul" "EXTRA_COMPILER_FLAGS=-ffunction-sections -fdata-sections -Wall -Wextra"
Compiling XilIsf Library
Running Make libs in microblaze_0/libsrc/spi_v4_3/src
make -C microblaze_0/libsrc/spi_v4_3/src -s libs  "SHELL=/bin/sh" "COMPILER=mb-gcc" "ARCHIVER=mb-ar" "COMPILER_FLAGS= -O2 -c -mcpu=v10.0 -mlittle-endian -mxl-soft-mul" "EXTRA_COMPILER_FLAGS=-ffunction-sections -fdata-sections -Wall -Wextra"
Compiling spi
Running Make libs in microblaze_0/libsrc/uartlite_v3_2/src
make -C microblaze_0/libsrc/uartlite_v3_2/src -s libs  "SHELL=/bin/sh" "COMPILER=mb-gcc" "ARCHIVER=mb-ar" "COMPILER_FLAGS= -O2 -c -mcpu=v10.0 -mlittle-endian -mxl-soft-mul" "EXTRA_COMPILER_FLAGS=-ffunction-sections -fdata-sections -Wall -Wextra"
Compiling uartlite
Running Make libs in microblaze_0/libsrc/bram_v4_2/src
make -C microblaze_0/libsrc/bram_v4_2/src -s libs  "SHELL=/bin/sh" "COMPILER=mb-gcc" "ARCHIVER=mb-ar" "COMPILER_FLAGS= -O2 -c -mcpu=v10.0 -mlittle-endian -mxl-soft-mul" "EXTRA_COMPILER_FLAGS=-ffunction-sections -fdata-sections -Wall -Wextra"
Compiling bram
Running Make libs in microblaze_0/libsrc/gpio_v4_3/src
make -C microblaze_0/libsrc/gpio_v4_3/src -s libs  "SHELL=/bin/sh" "COMPILER=mb-gcc" "ARCHIVER=mb-ar" "COMPILER_FLAGS= -O2 -c -mcpu=v10.0 -mlittle-endian -mxl-soft-mul" "EXTRA_COMPILER_FLAGS=-ffunction-sections -fdata-sections -Wall -Wextra"
Compiling gpio
Running Make libs in microblaze_0/libsrc/tmrctr_v4_4/src
make -C microblaze_0/libsrc/tmrctr_v4_4/src -s libs  "SHELL=/bin/sh" "COMPILER=mb-gcc" "ARCHIVER=mb-ar" "COMPILER_FLAGS= -O2 -c -mcpu=v10.0 -mlittle-endian -mxl-soft-mul" "EXTRA_COMPILER_FLAGS=-ffunction-sections -fdata-sections -Wall -Wextra"
Compiling tmrctr
Finished building libraries

21:11:16 Build Finished (took 2s.669ms)

